  Building 'NoMoreStealer' with toolset 'WindowsKernelModeDriver10.0' and the 'Universal' target platform.
  Stamping x64\Release\NoMoreStealer.inf
  Stamping [Version] section with DriverVer=11/02/2025,18.47.0.115
  process.cpp
  NoMoreStealer.vcxproj -> C:\Users\phili\Desktop\PR\FolderGuard\x64\Release\NoMoreStealer.sys
  Done Adding Additional Store
  Successfully signed: C:\Users\phili\Desktop\PR\FolderGuard\x64\Release\NoMoreStealer.sys
  
  Driver is 'Universal'.
  ........................
  Signability test complete.
  
  Errors:
  None
  
  Warnings:
  None
  
  Catalog generation complete.
  C:\Users\phili\Desktop\PR\FolderGuard\x64\Release\NoMoreStealer\nomorestealer.cat
  Set catalog attribute.
  WdkVersion: 10.0.26100.0
  Set catalog attribute.
  WdkAssemblyVersion: 10.0.26100.6584
  Done Adding Additional Store
  Successfully signed: C:\Users\phili\Desktop\PR\FolderGuard\x64\Release\NoMoreStealer\nomorestealer.cat
  
  Der Befehl "pwsh.exe" ist entweder falsch geschrieben oder
  konnte nicht gefunden werden.
